* using log directory ‘/Users/adrianomartinelli/OneDrive - ETHZ/Master/2. Semester/Statistical_Analysis_of_High_Throughput_Genomic_and_Transcriptomic_Data/sta426-project/sta426.Rcheck’
* using R version 3.6.1 (2019-07-05)
* using platform: x86_64-apple-darwin15.6.0 (64-bit)
* using session charset: UTF-8
* using options ‘--no-manual --as-cran’
* checking for file ‘sta426/DESCRIPTION’ ... OK
* checking extension type ... Package
* this is package ‘sta426’ version ‘0.1.0’
* package encoding: UTF-8
* checking package namespace information ... OK
* checking package dependencies ... OK
* checking if this is a source package ... OK
* checking if there is a namespace ... OK
* checking for executable files ... OK
* checking for hidden files and directories ... OK
* checking for portable file names ... OK
* checking for sufficient/correct file permissions ... OK
* checking whether package ‘sta426’ can be installed ... OK
* checking installed package size ... NOTE
  installed size is 39.2Mb
  sub-directories of 1Mb or more:
    data  39.1Mb
* checking package directory ... OK
* checking for future file timestamps ... OK
* checking DESCRIPTION meta-information ... WARNING
Non-standard license specification:
  What license is it under?
Standardizable: FALSE
* checking top-level files ... OK
* checking for left-over files ... OK
* checking index information ... OK
* checking package subdirectories ... OK
* checking R files for non-ASCII characters ... OK
* checking R files for syntax errors ... OK
* checking whether the package can be loaded ... OK
* checking whether the package can be loaded with stated dependencies ... OK
* checking whether the package can be unloaded cleanly ... OK
* checking whether the namespace can be loaded with stated dependencies ... OK
* checking whether the namespace can be unloaded cleanly ... OK
* checking dependencies in R code ... OK
* checking S3 generic/method consistency ... OK
* checking replacement functions ... OK
* checking foreign function calls ... OK
* checking R code for possible problems ... NOTE
compute_dispresion: no visible global function definition for ‘DGEList’
compute_dispresion: no visible global function definition for ‘counts’
compute_dispresion: no visible global function definition for
  ‘model.matrix’
compute_dispresion: no visible global function definition for ‘colData’
compute_dispresion: no visible global function definition for
  ‘estimateDisp’
create_dataset: no visible global function definition for ‘colData’
create_dataset: no visible global function definition for
  ‘SingleCellExperiment’
create_dataset: no visible global function definition for ‘assay’
create_dataset: no visible global function definition for ‘colData<-’
create_dataset: no visible global function definition for ‘rowData’
create_dataset: no visible global function definition for ‘rowData<-’
create_dataset: no visible global function definition for ‘counts<-’
create_dataset: no visible global function definition for
  ‘logNormCounts’
create_dataset: no visible global function definition for ‘metadata<-’
create_sample: no visible global function definition for ‘colData’
create_sample: no visible global function definition for
  ‘SingleCellExperiment’
create_sample: no visible global function definition for ‘colData<-’
expression_matrix: no visible global function definition for
  ‘assayNames’
expression_matrix: no visible global function definition for
  ‘prcomp_irlba’
expression_matrix: no visible global function definition for
  ‘logcounts’
expression_matrix: no visible global function definition for ‘dist’
expression_matrix: no visible global function definition for ‘colData’
expression_matrix: no visible global function definition for ‘counts’
n_cells_per_types: no visible global function definition for ‘colData’
nb_counts: no visible global function definition for ‘rowData’
nb_counts: no visible global function definition for ‘colData’
nb_counts: no visible global function definition for ‘rnbinom’
nb_counts: no visible global function definition for ‘assay<-’
Undefined global functions or variables:
  DGEList SingleCellExperiment assay assay<- assayNames colData
  colData<- counts counts<- dist estimateDisp logNormCounts logcounts
  metadata<- model.matrix prcomp_irlba rnbinom rowData rowData<-
Consider adding
  importFrom("stats", "dist", "model.matrix", "rnbinom")
to your NAMESPACE file.
* checking Rd files ... WARNING
prepare_Rd: compute_dispersion.Rd:7-9: Dropping empty section \description
prepare_Rd: compute_dispersion.Rd:19-21: Dropping empty section \details
prepare_Rd: compute_dispersion.Rd:22-28: Dropping empty section \value
prepare_Rd: compute_dispersion.Rd:35-37: Dropping empty section \note
prepare_Rd: compute_dispersion.Rd:32-34: Dropping empty section \author
prepare_Rd: compute_dispersion.Rd:29-31: Dropping empty section \references
prepare_Rd: compute_dispersion.Rd:41-43: Dropping empty section \seealso
checkRd: (5) compute_dispersion.Rd:0-58: Must have a \description
prepare_Rd: compute_logFC.Rd:7-9: Dropping empty section \description
prepare_Rd: compute_logFC.Rd:19-21: Dropping empty section \details
prepare_Rd: compute_logFC.Rd:22-28: Dropping empty section \value
prepare_Rd: compute_logFC.Rd:35-37: Dropping empty section \note
prepare_Rd: compute_logFC.Rd:32-34: Dropping empty section \author
prepare_Rd: compute_logFC.Rd:29-31: Dropping empty section \references
prepare_Rd: compute_logFC.Rd:41-43: Dropping empty section \seealso
checkRd: (5) compute_logFC.Rd:0-58: Must have a \description
prepare_Rd: create_dataset.Rd:36-38: Dropping empty section \note
prepare_Rd: create_dataset.Rd:30-32: Dropping empty section \references
prepare_Rd: create_sample.Rd:7-9: Dropping empty section \description
prepare_Rd: create_sample.Rd:36-38: Dropping empty section \note
prepare_Rd: create_sample.Rd:30-32: Dropping empty section \references
checkRd: (5) create_sample.Rd:0-59: Must have a \description
prepare_Rd: expression_matrix.Rd:7-9: Dropping empty section \description
prepare_Rd: expression_matrix.Rd:19-21: Dropping empty section \details
prepare_Rd: expression_matrix.Rd:22-28: Dropping empty section \value
prepare_Rd: expression_matrix.Rd:35-37: Dropping empty section \note
prepare_Rd: expression_matrix.Rd:32-34: Dropping empty section \author
prepare_Rd: expression_matrix.Rd:29-31: Dropping empty section \references
prepare_Rd: expression_matrix.Rd:41-43: Dropping empty section \seealso
checkRd: (5) expression_matrix.Rd:0-58: Must have a \description
prepare_Rd: n_cells_per_types.Rd:7-9: Dropping empty section \description
prepare_Rd: n_cells_per_types.Rd:19-21: Dropping empty section \details
prepare_Rd: n_cells_per_types.Rd:22-28: Dropping empty section \value
prepare_Rd: n_cells_per_types.Rd:35-37: Dropping empty section \note
prepare_Rd: n_cells_per_types.Rd:32-34: Dropping empty section \author
prepare_Rd: n_cells_per_types.Rd:29-31: Dropping empty section \references
prepare_Rd: n_cells_per_types.Rd:41-43: Dropping empty section \seealso
checkRd: (5) n_cells_per_types.Rd:0-58: Must have a \description
prepare_Rd: nb_counts.Rd:7-9: Dropping empty section \description
prepare_Rd: nb_counts.Rd:19-21: Dropping empty section \details
prepare_Rd: nb_counts.Rd:22-28: Dropping empty section \value
prepare_Rd: nb_counts.Rd:35-37: Dropping empty section \note
prepare_Rd: nb_counts.Rd:32-34: Dropping empty section \author
prepare_Rd: nb_counts.Rd:29-31: Dropping empty section \references
prepare_Rd: nb_counts.Rd:41-43: Dropping empty section \seealso
checkRd: (5) nb_counts.Rd:0-58: Must have a \description
prepare_Rd: sta426Data.RData.Rd:18-20: Dropping empty section \details
prepare_Rd: sta426Data.RData.Rd:21-23: Dropping empty section \source
prepare_Rd: sta426Data.RData.Rd:24-26: Dropping empty section \references
* checking Rd metadata ... OK
* checking Rd line widths ... NOTE
Rd file 'create_dataset.Rd':
  \usage lines wider than 90 characters:
     sce_sim = create_dataset(sce_prep, n_comp, n_cells, kNN, kNN_subsample, n_sample, logFC, probs, verbose)

Rd file 'create_sample.Rd':
  \usage lines wider than 90 characters:
     sce_sim = create_dataset(sce_prep, n_comp, n_cells, kNN, kNN_subsample, n_sample, logFC, probs, verbose)

These lines will be truncated in the PDF manual.
* checking Rd cross-references ... OK
* checking for missing documentation entries ... WARNING
Undocumented code objects:
  ‘compute_dispresion’ ‘sta426Data’
Undocumented data sets:
  ‘sta426Data’
All user-level objects in a package should have documentation entries.
See chapter ‘Writing R documentation files’ in the ‘Writing R
Extensions’ manual.
* checking for code/documentation mismatches ... WARNING
Functions or methods with usage in documentation object 'compute_dispersion' but not in code:
  ‘compute_dispersion’

Data with usage in documentation object 'sta426Data.RData' but not in code:
  ‘sta426Data.RData’

Codoc mismatches from documentation object 'compute_logFC':
compute_logFC
  Code: function(sce, logFC)
  Docs: function(x)
  Argument names in code not in docs:
    sce logFC
  Argument names in docs not in code:
    x
  Mismatches in argument names:
    Position: 1 Code: sce Docs: x

Codoc mismatches from documentation object 'expression_matrix':
expression_matrix
  Code: function(sce, n_comp, n_cells_per_celltype, kNN, kNN_subsample)
  Docs: function(x)
  Argument names in code not in docs:
    sce n_comp n_cells_per_celltype kNN kNN_subsample
  Argument names in docs not in code:
    x
  Mismatches in argument names:
    Position: 1 Code: sce Docs: x

Codoc mismatches from documentation object 'n_cells_per_types':
n_cells_per_types
  Code: function(sce, n_cells_per_sample)
  Docs: function(x)
  Argument names in code not in docs:
    sce n_cells_per_sample
  Argument names in docs not in code:
    x
  Mismatches in argument names:
    Position: 1 Code: sce Docs: x

Codoc mismatches from documentation object 'nb_counts':
nb_counts
  Code: function(sce_sim)
  Docs: function(x)
  Argument names in code not in docs:
    sce_sim
  Argument names in docs not in code:
    x
  Mismatches in argument names:
    Position: 1 Code: sce_sim Docs: x

* checking Rd \usage sections ... WARNING
Assignments in \usage in documentation object 'create_dataset':
  sce_sim = create_dataset(sce_prep, n_comp, n_cells, kNN, kNN_subsample, 
      n_sample, logFC, probs, verbose)

Assignments in \usage in documentation object 'create_sample':
  sce_sim = create_dataset(sce_prep, n_comp, n_cells, kNN, kNN_subsample, 
      n_sample, logFC, probs, verbose)

Functions with \usage entries need to have the appropriate \alias
entries, and all their arguments documented.
The \usage entries must correspond to syntactically valid R code.
See chapter ‘Writing R documentation files’ in the ‘Writing R
Extensions’ manual.
* checking Rd contents ... WARNING
Auto-generated content requiring editing in Rd object 'compute_dispersion':
  \keyword{~kwd1}
  \keyword{~kwd2}

Auto-generated content requiring editing in Rd object 'compute_logFC':
  \keyword{~kwd1}
  \keyword{~kwd2}

Auto-generated content requiring editing in Rd object 'create_dataset':
  \keyword{~kwd1}
  \keyword{~kwd2}

Auto-generated content requiring editing in Rd object 'create_sample':
  \keyword{~kwd1}
  \keyword{~kwd2}

Auto-generated content requiring editing in Rd object 'expression_matrix':
  \keyword{~kwd1}
  \keyword{~kwd2}

Auto-generated content requiring editing in Rd object 'n_cells_per_types':
  \keyword{~kwd1}
  \keyword{~kwd2}

Auto-generated content requiring editing in Rd object 'nb_counts':
  \keyword{~kwd1}
  \keyword{~kwd2}

* checking for unstated dependencies in examples ... OK
* checking contents of ‘data’ directory ... OK
* checking data for non-ASCII characters ... WARNING
  Failed with error:  'package 'DelayedArray' could not be loaded'
  Error loading dataset 'sta426Data':
   Error in .requirePackage(package) : 
    unable to find required package 'SingleCellExperiment'
  
  The dataset(s) may use package(s) not declared in the DESCRIPTION file.
* checking data for ASCII and uncompressed saves ... WARNING
  
  Note: significantly better compression could be obtained
        by using R CMD build --resave-data
                   old_size new_size compress
  sta426Data.RData   39.2Mb   18.4Mb    bzip2
* checking examples ... OK
* DONE
Status: 8 WARNINGs, 3 NOTEs
